2024-03-05T02:45:03.825+05:30  INFO 10204 --- [main] c.h.c.CareercrafterfinalApplication      : Starting CareercrafterfinalApplication using Java 19.0.2 with PID 10204 (D:\careercrafterfinal\target\classes started by realme in D:\careercrafterfinal)
2024-03-05T02:45:03.830+05:30  INFO 10204 --- [main] c.h.c.CareercrafterfinalApplication      : No active profile set, falling back to 1 default profile: "default"
2024-03-05T02:45:04.791+05:30  INFO 10204 --- [main] .s.d.r.c.RepositoryConfigurationDelegate : Bootstrapping Spring Data JPA repositories in DEFAULT mode.
2024-03-05T02:45:04.864+05:30  INFO 10204 --- [main] .s.d.r.c.RepositoryConfigurationDelegate : Finished Spring Data repository scanning in 64 ms. Found 8 JPA repository interfaces.
2024-03-05T02:45:05.429+05:30  INFO 10204 --- [main] o.s.b.w.embedded.tomcat.TomcatWebServer  : Tomcat initialized with port(s): 8080 (http)
2024-03-05T02:45:05.440+05:30  INFO 10204 --- [main] o.apache.catalina.core.StandardService   : Starting service [Tomcat]
2024-03-05T02:45:05.440+05:30  INFO 10204 --- [main] o.apache.catalina.core.StandardEngine    : Starting Servlet engine: [Apache Tomcat/10.1.18]
2024-03-05T02:45:05.570+05:30  INFO 10204 --- [main] o.a.c.c.C.[Tomcat].[localhost].[/]       : Initializing Spring embedded WebApplicationContext
2024-03-05T02:45:05.571+05:30  INFO 10204 --- [main] w.s.c.ServletWebServerApplicationContext : Root WebApplicationContext: initialization completed in 1650 ms
2024-03-05T02:45:05.600+05:30  INFO 10204 --- [main] o.s.aop.framework.CglibAopProxy          : Unable to proxy interface-implementing method [public final void org.springframework.web.filter.OncePerRequestFilter.doFilter(jakarta.servlet.ServletRequest,jakarta.servlet.ServletResponse,jakarta.servlet.FilterChain) throws jakarta.servlet.ServletException,java.io.IOException] because it is marked as final: Consider using interface-based JDK proxies instead!
2024-03-05T02:45:05.601+05:30  INFO 10204 --- [main] o.s.aop.framework.CglibAopProxy          : Unable to proxy interface-implementing method [public final void org.springframework.web.filter.GenericFilterBean.init(jakarta.servlet.FilterConfig) throws jakarta.servlet.ServletException] because it is marked as final: Consider using interface-based JDK proxies instead!
2024-03-05T02:45:05.779+05:30  INFO 10204 --- [main] o.hibernate.jpa.internal.util.LogHelper  : HHH000204: Processing PersistenceUnitInfo [name: default]
2024-03-05T02:45:05.852+05:30  INFO 10204 --- [main] org.hibernate.Version                    : HHH000412: Hibernate ORM core version 6.2.20.Final
2024-03-05T02:45:05.855+05:30  INFO 10204 --- [main] org.hibernate.cfg.Environment            : HHH000406: Using bytecode reflection optimizer
2024-03-05T02:45:06.161+05:30  INFO 10204 --- [main] o.s.o.j.p.SpringPersistenceUnitInfo      : No LoadTimeWeaver setup: ignoring JPA class transformer
2024-03-05T02:45:06.204+05:30  INFO 10204 --- [main] com.zaxxer.hikari.HikariDataSource       : HikariPool-1 - Starting...
2024-03-05T02:45:06.624+05:30  INFO 10204 --- [main] com.zaxxer.hikari.pool.HikariPool        : HikariPool-1 - Added connection com.mysql.cj.jdbc.ConnectionImpl@fe08eaf
2024-03-05T02:45:06.626+05:30  INFO 10204 --- [main] com.zaxxer.hikari.HikariDataSource       : HikariPool-1 - Start completed.
2024-03-05T02:45:06.699+05:30  WARN 10204 --- [main] org.hibernate.orm.deprecation            : HHH90000025: MySQL8Dialect does not need to be specified explicitly using 'hibernate.dialect' (remove the property setting and it will be selected by default)
2024-03-05T02:45:06.701+05:30  WARN 10204 --- [main] org.hibernate.orm.deprecation            : HHH90000026: MySQL8Dialect has been deprecated; use org.hibernate.dialect.MySQLDialect instead
2024-03-05T02:45:07.935+05:30  INFO 10204 --- [main] o.h.e.t.j.p.i.JtaPlatformInitiator       : HHH000489: No JTA platform available (set 'hibernate.transaction.jta.platform' to enable JTA platform integration)
2024-03-05T02:45:08.119+05:30  INFO 10204 --- [main] j.LocalContainerEntityManagerFactoryBean : Initialized JPA EntityManagerFactory for persistence unit 'default'
2024-03-05T02:45:08.555+05:30  INFO 10204 --- [main] o.s.d.j.r.query.QueryEnhancerFactory     : Hibernate is in classpath; If applicable, HQL parser will be used.
2024-03-05T02:45:09.104+05:30  WARN 10204 --- [main] JpaBaseConfiguration$JpaWebConfiguration : spring.jpa.open-in-view is enabled by default. Therefore, database queries may be performed during view rendering. Explicitly configure spring.jpa.open-in-view to disable this warning
2024-03-05T02:45:09.371+05:30  INFO 10204 --- [main] o.s.s.web.DefaultSecurityFilterChain     : Will secure any request with [org.springframework.security.web.session.DisableEncodeUrlFilter@33ef701e, org.springframework.security.web.context.request.async.WebAsyncManagerIntegrationFilter@1fd1deed, org.springframework.security.web.context.SecurityContextHolderFilter@4cae7d5, org.springframework.security.web.header.HeaderWriterFilter@3c51dec5, org.springframework.web.filter.CorsFilter@66ad7167, org.springframework.security.web.authentication.logout.LogoutFilter@3644d12a, com.hexaware.careercrafterfinal.filter.JwtAuthFilter@77e64a46, org.springframework.security.web.savedrequest.RequestCacheAwareFilter@4390b78f, org.springframework.security.web.servletapi.SecurityContextHolderAwareRequestFilter@70290678, org.springframework.security.web.authentication.AnonymousAuthenticationFilter@515a897c, org.springframework.security.web.session.SessionManagementFilter@5713e261, org.springframework.security.web.access.ExceptionTranslationFilter@3725471, org.springframework.security.web.access.intercept.AuthorizationFilter@34c31a34]
2024-03-05T02:45:09.693+05:30  INFO 10204 --- [main] o.s.b.w.embedded.tomcat.TomcatWebServer  : Tomcat started on port(s): 8080 (http) with context path ''
2024-03-05T02:45:09.704+05:30  INFO 10204 --- [main] c.h.c.CareercrafterfinalApplication      : Started CareercrafterfinalApplication in 6.309 seconds (process running for 7.433)
2024-03-05T03:04:21.763+05:30  INFO 3048 --- [main] c.h.c.CareercrafterfinalApplication      : Starting CareercrafterfinalApplication using Java 19.0.2 with PID 3048 (D:\careercrafterfinal\target\classes started by realme in D:\careercrafterfinal)
2024-03-05T03:04:21.766+05:30  INFO 3048 --- [main] c.h.c.CareercrafterfinalApplication      : No active profile set, falling back to 1 default profile: "default"
2024-03-05T03:04:23.034+05:30  INFO 3048 --- [main] .s.d.r.c.RepositoryConfigurationDelegate : Bootstrapping Spring Data JPA repositories in DEFAULT mode.
2024-03-05T03:04:23.118+05:30  INFO 3048 --- [main] .s.d.r.c.RepositoryConfigurationDelegate : Finished Spring Data repository scanning in 72 ms. Found 8 JPA repository interfaces.
2024-03-05T03:04:23.691+05:30  INFO 3048 --- [main] o.s.b.w.embedded.tomcat.TomcatWebServer  : Tomcat initialized with port(s): 8080 (http)
2024-03-05T03:04:23.700+05:30  INFO 3048 --- [main] o.apache.catalina.core.StandardService   : Starting service [Tomcat]
2024-03-05T03:04:23.701+05:30  INFO 3048 --- [main] o.apache.catalina.core.StandardEngine    : Starting Servlet engine: [Apache Tomcat/10.1.18]
2024-03-05T03:04:23.831+05:30  INFO 3048 --- [main] o.a.c.c.C.[Tomcat].[localhost].[/]       : Initializing Spring embedded WebApplicationContext
2024-03-05T03:04:23.831+05:30  INFO 3048 --- [main] w.s.c.ServletWebServerApplicationContext : Root WebApplicationContext: initialization completed in 2013 ms
2024-03-05T03:04:23.856+05:30  INFO 3048 --- [main] o.s.aop.framework.CglibAopProxy          : Unable to proxy interface-implementing method [public final void org.springframework.web.filter.OncePerRequestFilter.doFilter(jakarta.servlet.ServletRequest,jakarta.servlet.ServletResponse,jakarta.servlet.FilterChain) throws jakarta.servlet.ServletException,java.io.IOException] because it is marked as final: Consider using interface-based JDK proxies instead!
2024-03-05T03:04:23.857+05:30  INFO 3048 --- [main] o.s.aop.framework.CglibAopProxy          : Unable to proxy interface-implementing method [public final void org.springframework.web.filter.GenericFilterBean.init(jakarta.servlet.FilterConfig) throws jakarta.servlet.ServletException] because it is marked as final: Consider using interface-based JDK proxies instead!
2024-03-05T03:04:24.012+05:30  INFO 3048 --- [main] o.hibernate.jpa.internal.util.LogHelper  : HHH000204: Processing PersistenceUnitInfo [name: default]
2024-03-05T03:04:24.082+05:30  INFO 3048 --- [main] org.hibernate.Version                    : HHH000412: Hibernate ORM core version 6.2.20.Final
2024-03-05T03:04:24.087+05:30  INFO 3048 --- [main] org.hibernate.cfg.Environment            : HHH000406: Using bytecode reflection optimizer
2024-03-05T03:04:24.391+05:30  INFO 3048 --- [main] o.s.o.j.p.SpringPersistenceUnitInfo      : No LoadTimeWeaver setup: ignoring JPA class transformer
2024-03-05T03:04:24.424+05:30  INFO 3048 --- [main] com.zaxxer.hikari.HikariDataSource       : HikariPool-1 - Starting...
2024-03-05T03:04:24.922+05:30  INFO 3048 --- [main] com.zaxxer.hikari.pool.HikariPool        : HikariPool-1 - Added connection com.mysql.cj.jdbc.ConnectionImpl@34e25492
2024-03-05T03:04:24.925+05:30  INFO 3048 --- [main] com.zaxxer.hikari.HikariDataSource       : HikariPool-1 - Start completed.
2024-03-05T03:04:24.993+05:30  WARN 3048 --- [main] org.hibernate.orm.deprecation            : HHH90000025: MySQL8Dialect does not need to be specified explicitly using 'hibernate.dialect' (remove the property setting and it will be selected by default)
2024-03-05T03:04:24.994+05:30  WARN 3048 --- [main] org.hibernate.orm.deprecation            : HHH90000026: MySQL8Dialect has been deprecated; use org.hibernate.dialect.MySQLDialect instead
2024-03-05T03:04:26.128+05:30  INFO 3048 --- [main] o.h.e.t.j.p.i.JtaPlatformInitiator       : HHH000489: No JTA platform available (set 'hibernate.transaction.jta.platform' to enable JTA platform integration)
2024-03-05T03:04:26.361+05:30  INFO 3048 --- [main] j.LocalContainerEntityManagerFactoryBean : Initialized JPA EntityManagerFactory for persistence unit 'default'
2024-03-05T03:04:26.795+05:30  INFO 3048 --- [main] o.s.d.j.r.query.QueryEnhancerFactory     : Hibernate is in classpath; If applicable, HQL parser will be used.
2024-03-05T03:04:27.400+05:30  WARN 3048 --- [main] JpaBaseConfiguration$JpaWebConfiguration : spring.jpa.open-in-view is enabled by default. Therefore, database queries may be performed during view rendering. Explicitly configure spring.jpa.open-in-view to disable this warning
2024-03-05T03:04:27.688+05:30  INFO 3048 --- [main] o.s.s.web.DefaultSecurityFilterChain     : Will secure any request with [org.springframework.security.web.session.DisableEncodeUrlFilter@7432cb37, org.springframework.security.web.context.request.async.WebAsyncManagerIntegrationFilter@7602da1a, org.springframework.security.web.context.SecurityContextHolderFilter@463e0b6a, org.springframework.security.web.header.HeaderWriterFilter@254dfd34, org.springframework.web.filter.CorsFilter@30b075b9, org.springframework.security.web.authentication.logout.LogoutFilter@6cc91654, com.hexaware.careercrafterfinal.filter.JwtAuthFilter@6d71f296, org.springframework.security.web.savedrequest.RequestCacheAwareFilter@3d2a164e, org.springframework.security.web.servletapi.SecurityContextHolderAwareRequestFilter@35216a2e, org.springframework.security.web.authentication.AnonymousAuthenticationFilter@2d1dbf4f, org.springframework.security.web.session.SessionManagementFilter@7262532a, org.springframework.security.web.access.ExceptionTranslationFilter@1ba00c0c, org.springframework.security.web.access.intercept.AuthorizationFilter@72de1d86]
2024-03-05T03:04:27.999+05:30  INFO 3048 --- [main] o.s.b.w.embedded.tomcat.TomcatWebServer  : Tomcat started on port(s): 8080 (http) with context path ''
2024-03-05T03:04:28.014+05:30  INFO 3048 --- [main] c.h.c.CareercrafterfinalApplication      : Started CareercrafterfinalApplication in 6.68 seconds (process running for 7.51)
2024-03-05T03:05:24.621+05:30  INFO 3048 --- [http-nio-8080-exec-1] o.a.c.c.C.[Tomcat].[localhost].[/]       : Initializing Spring DispatcherServlet 'dispatcherServlet'
2024-03-05T03:05:24.621+05:30  INFO 3048 --- [http-nio-8080-exec-1] o.s.web.servlet.DispatcherServlet        : Initializing Servlet 'dispatcherServlet'
2024-03-05T03:05:24.621+05:30  INFO 3048 --- [http-nio-8080-exec-1] o.s.web.servlet.DispatcherServlet        : Completed initialization in 0 ms
2024-03-05T03:05:24.919+05:30  INFO 3048 --- [http-nio-8080-exec-1] c.h.c.r.RegistrationAuthRestController   : Hitting API to register user info for employr
2024-03-05T03:08:36.735+05:30  INFO 3048 --- [http-nio-8080-exec-9] c.h.c.r.RegistrationAuthRestController   : Generating jwt auth token
2024-03-05T03:08:36.829+05:30  INFO 3048 --- [http-nio-8080-exec-9] c.h.c.r.RegistrationAuthRestController   : Returning jwt token eyJhbGciOiJIUzI1NiJ9.eyJzdWIiOiJqb2huIiwiaWF0IjoxNzA5NTg4MzE2LCJleHAiOjE3MDk1OTE5MTZ9.mjHDyRt58jxdRJaTRezgi0O2GgDEU7SUMnGX51OVla8
2024-03-05T03:08:37.002+05:30  INFO 3048 --- [http-nio-8080-exec-1] c.h.c.r.RegistrationAuthRestController   : Sending current user Info
2024-03-05T03:08:37.429+05:30  INFO 3048 --- [http-nio-8080-exec-5] c.h.c.r.JobSeekerRestController          : Searching for jobs
2024-03-05T03:08:37.429+05:30  INFO 3048 --- [http-nio-8080-exec-5] c.h.c.service.UserServiceImp             : Searching for jobs from database
2024-03-05T03:09:12.532+05:30  INFO 3048 --- [http-nio-8080-exec-7] c.h.c.r.RegistrationAuthRestController   : Generating jwt auth token
2024-03-05T03:09:12.532+05:30  INFO 3048 --- [http-nio-8080-exec-7] c.h.c.r.RegistrationAuthRestController   : Returning jwt token eyJhbGciOiJIUzI1NiJ9.eyJzdWIiOiJqb2huIiwiaWF0IjoxNzA5NTg4MzUyLCJleHAiOjE3MDk1OTE5NTJ9.LsqTrrtc8PSSXQZ5Utu4xrhcqFQqgpMD9AdqUgh3L9s
2024-03-05T03:09:12.564+05:30  INFO 3048 --- [http-nio-8080-exec-9] c.h.c.r.RegistrationAuthRestController   : Sending current user Info
2024-03-05T03:11:17.482+05:30  INFO 3048 --- [http-nio-8080-exec-4] c.h.c.r.RegistrationAuthRestController   : Generating jwt auth token
2024-03-05T03:11:17.482+05:30  INFO 3048 --- [http-nio-8080-exec-4] c.h.c.r.RegistrationAuthRestController   : Returning jwt token eyJhbGciOiJIUzI1NiJ9.eyJzdWIiOiJrcmlzaG5ha2FudCIsImlhdCI6MTcwOTU4ODQ3NywiZXhwIjoxNzA5NTkyMDc3fQ.w_mGQKJ-uemVmkiQa--T0C1SydwC-S3kKkKx3fsRzBo
2024-03-05T03:11:17.518+05:30  INFO 3048 --- [http-nio-8080-exec-6] c.h.c.r.RegistrationAuthRestController   : Sending current user Info
2024-03-05T03:11:25.008+05:30  INFO 3048 --- [http-nio-8080-exec-10] c.h.c.service.EmployerServiceImp         : Fetching all applications for listing id:1
2024-03-05T03:11:38.602+05:30  INFO 3048 --- [http-nio-8080-exec-4] c.h.c.service.EmployerServiceImp         : Changing listing status with ID: 1
2024-03-05T03:12:05.813+05:30  INFO 3048 --- [http-nio-8080-exec-2] c.h.c.r.RegistrationAuthRestController   : Sending current user Info
2024-03-05T03:12:27.986+05:30  INFO 3048 --- [http-nio-8080-exec-8] c.h.c.r.RegistrationAuthRestController   : Sending current user Info
2024-03-05T03:12:37.816+05:30  INFO 3048 --- [http-nio-8080-exec-4] c.h.c.r.RegistrationAuthRestController   : Sending current user Info
2024-03-05T03:12:52.044+05:30  INFO 3048 --- [http-nio-8080-exec-9] c.h.c.service.EmployerServiceImp         : Fetching all resumes
2024-03-05T03:13:04.080+05:30  INFO 3048 --- [http-nio-8080-exec-2] c.h.c.r.RegistrationAuthRestController   : Sending current user Info
2024-03-05T03:13:05.652+05:30  INFO 3048 --- [http-nio-8080-exec-9] c.h.c.service.EmployerServiceImp         : Fetching all resumes
2024-03-05T03:13:12.328+05:30  INFO 3048 --- [http-nio-8080-exec-2] c.h.c.r.RegistrationAuthRestController   : Sending current user Info
2024-03-05T03:13:31.657+05:30  INFO 3048 --- [http-nio-8080-exec-5] c.h.c.r.RegistrationAuthRestController   : Generating jwt auth token
2024-03-05T03:13:31.657+05:30  INFO 3048 --- [http-nio-8080-exec-5] c.h.c.r.RegistrationAuthRestController   : Returning jwt token eyJhbGciOiJIUzI1NiJ9.eyJzdWIiOiJqb2huIiwiaWF0IjoxNzA5NTg4NjExLCJleHAiOjE3MDk1OTIyMTF9.SKtJj1NEHgV8uoZ8rd4TnZkSFDYlcP_NOVwQm_Po9EA
2024-03-05T03:13:31.676+05:30  INFO 3048 --- [http-nio-8080-exec-4] c.h.c.r.RegistrationAuthRestController   : Sending current user Info
2024-03-05T03:13:31.789+05:30  INFO 3048 --- [http-nio-8080-exec-9] c.h.c.r.JobSeekerRestController          : Searching for jobs
2024-03-05T03:13:31.789+05:30  INFO 3048 --- [http-nio-8080-exec-9] c.h.c.service.UserServiceImp             : Searching for jobs from database
2024-03-05T03:13:35.762+05:30  INFO 3048 --- [http-nio-8080-exec-1] c.h.c.r.JobSeekerRestController          : Searching for jobs
2024-03-05T03:13:35.762+05:30  INFO 3048 --- [http-nio-8080-exec-1] c.h.c.service.UserServiceImp             : Searching for jobs from database
2024-03-05T03:13:38.232+05:30  INFO 3048 --- [http-nio-8080-exec-2] c.h.c.r.JobSeekerRestController          : Searching for jobs
2024-03-05T03:13:38.232+05:30  INFO 3048 --- [http-nio-8080-exec-2] c.h.c.service.UserServiceImp             : Searching for jobs from database
2024-03-05T03:13:58.053+05:30  INFO 3048 --- [http-nio-8080-exec-8] c.h.c.r.JobSeekerRestController          : Searching for jobs
2024-03-05T03:13:58.053+05:30  INFO 3048 --- [http-nio-8080-exec-8] c.h.c.service.UserServiceImp             : Searching for jobs from database
2024-03-05T03:14:00.977+05:30  INFO 3048 --- [http-nio-8080-exec-1] c.h.c.r.JobSeekerRestController          : Searching for jobs
2024-03-05T03:14:00.993+05:30  INFO 3048 --- [http-nio-8080-exec-1] c.h.c.service.UserServiceImp             : Searching for jobs from database
2024-03-05T03:14:04.831+05:30  INFO 3048 --- [http-nio-8080-exec-5] c.h.c.r.JobSeekerRestController          : Fetching applied jobs for seeker: {}
2024-03-05T03:14:04.842+05:30  INFO 3048 --- [http-nio-8080-exec-5] c.h.c.service.UserServiceImp             : Fetching applied jobs for current job seeker
2024-03-05T03:14:07.594+05:30  INFO 3048 --- [http-nio-8080-exec-4] c.h.c.r.JobSeekerRestController          : Getting job post
2024-03-05T03:14:07.594+05:30  INFO 3048 --- [http-nio-8080-exec-4] c.h.c.service.UserServiceImp             : Get listing from database
2024-03-05T03:14:13.196+05:30  INFO 3048 --- [http-nio-8080-exec-9] c.h.c.r.JobSeekerRestController          : Fetching applied jobs for seeker: {}
2024-03-05T03:14:13.196+05:30  INFO 3048 --- [http-nio-8080-exec-9] c.h.c.service.UserServiceImp             : Fetching applied jobs for current job seeker
2024-03-05T03:14:16.143+05:30  INFO 3048 --- [http-nio-8080-exec-1] c.h.c.r.JobSeekerRestController          : Searching for jobs
2024-03-05T03:14:16.144+05:30  INFO 3048 --- [http-nio-8080-exec-1] c.h.c.service.UserServiceImp             : Searching for jobs from database
2024-03-05T03:14:17.948+05:30  INFO 3048 --- [http-nio-8080-exec-2] c.h.c.r.JobSeekerRestController          : Searching for jobs
2024-03-05T03:14:17.948+05:30  INFO 3048 --- [http-nio-8080-exec-2] c.h.c.service.UserServiceImp             : Searching for jobs from database
2024-03-05T03:14:20.219+05:30  INFO 3048 --- [http-nio-8080-exec-7] c.h.c.r.RegistrationAuthRestController   : Sending current user Info
2024-03-05T03:14:31.452+05:30  INFO 3048 --- [http-nio-8080-exec-5] c.h.c.r.JobSeekerRestController          : Searching for jobs
2024-03-05T03:14:31.452+05:30  INFO 3048 --- [http-nio-8080-exec-5] c.h.c.service.UserServiceImp             : Searching for jobs from database
2024-03-05T03:15:07.509+05:30  INFO 3048 --- [http-nio-8080-exec-7] c.h.c.r.JobSeekerRestController          : Searching for jobs
2024-03-05T03:15:07.509+05:30  INFO 3048 --- [http-nio-8080-exec-7] c.h.c.service.UserServiceImp             : Searching for jobs from database
2024-03-05T03:16:06.208+05:30  INFO 3048 --- [http-nio-8080-exec-9] c.h.c.r.RegistrationAuthRestController   : Generating jwt auth token
2024-03-05T03:16:06.211+05:30  INFO 3048 --- [http-nio-8080-exec-9] c.h.c.r.RegistrationAuthRestController   : Returning jwt token eyJhbGciOiJIUzI1NiJ9.eyJzdWIiOiJqb2huIiwiaWF0IjoxNzA5NTg4NzY2LCJleHAiOjE3MDk1OTIzNjZ9.T6KvaOUN2GQCiej-14urTpuL7ZdLD79ir5Nfj13qh20
2024-03-05T03:16:06.237+05:30  INFO 3048 --- [http-nio-8080-exec-1] c.h.c.r.RegistrationAuthRestController   : Sending current user Info
2024-03-05T03:16:06.332+05:30  INFO 3048 --- [http-nio-8080-exec-2] c.h.c.r.JobSeekerRestController          : Searching for jobs
2024-03-05T03:16:06.332+05:30  INFO 3048 --- [http-nio-8080-exec-2] c.h.c.service.UserServiceImp             : Searching for jobs from database
2024-03-05T03:16:09.816+05:30  INFO 3048 --- [http-nio-8080-exec-4] c.h.c.r.JobSeekerRestController          : Searching for jobs
2024-03-05T03:16:09.816+05:30  INFO 3048 --- [http-nio-8080-exec-4] c.h.c.service.UserServiceImp             : Searching for jobs from database
2024-03-05T03:16:16.056+05:30  INFO 3048 --- [http-nio-8080-exec-9] c.h.c.r.JobSeekerRestController          : Getting Crafter resume for job seeker profile: {}
2024-03-05T03:16:16.060+05:30  INFO 3048 --- [http-nio-8080-exec-9] c.h.c.service.UserServiceImp             : Getting seeker profile
2024-03-05T03:16:16.062+05:30  INFO 3048 --- [http-nio-8080-exec-9] c.h.c.service.UserServiceImp             : Getting resume from seeker profile
2024-03-05T03:16:16.062+05:30  INFO 3048 --- [http-nio-8080-exec-9] c.h.c.service.UserServiceImp             : Returning Crafter resume
2024-03-05T03:16:26.614+05:30  INFO 3048 --- [http-nio-8080-exec-6] c.h.c.r.RegistrationAuthRestController   : Sending current user Info
2024-03-05T03:16:31.025+05:30  INFO 3048 --- [http-nio-8080-exec-9] c.h.c.r.JobSeekerRestController          : Searching for jobs
2024-03-05T03:16:31.025+05:30  INFO 3048 --- [http-nio-8080-exec-9] c.h.c.service.UserServiceImp             : Searching for jobs from database
2024-03-05T03:16:32.727+05:30  INFO 3048 --- [http-nio-8080-exec-3] c.h.c.r.JobSeekerRestController          : Searching for jobs
2024-03-05T03:16:32.727+05:30  INFO 3048 --- [http-nio-8080-exec-3] c.h.c.service.UserServiceImp             : Searching for jobs from database
2024-03-05T03:16:34.240+05:30  INFO 3048 --- [http-nio-8080-exec-5] c.h.c.r.JobSeekerRestController          : Searching for jobs
2024-03-05T03:16:34.240+05:30  INFO 3048 --- [http-nio-8080-exec-5] c.h.c.service.UserServiceImp             : Searching for jobs from database
2024-03-05T03:16:39.444+05:30  INFO 3048 --- [http-nio-8080-exec-2] c.h.c.r.JobSeekerRestController          : Getting Crafter resume for job seeker profile: {}
2024-03-05T03:16:39.444+05:30  INFO 3048 --- [http-nio-8080-exec-2] c.h.c.service.UserServiceImp             : Getting seeker profile
2024-03-05T03:16:39.444+05:30  INFO 3048 --- [http-nio-8080-exec-2] c.h.c.service.UserServiceImp             : Getting resume from seeker profile
2024-03-05T03:16:39.444+05:30  INFO 3048 --- [http-nio-8080-exec-2] c.h.c.service.UserServiceImp             : Returning Crafter resume
2024-03-05T03:16:59.261+05:30  INFO 3048 --- [http-nio-8080-exec-10] c.h.c.r.RegistrationAuthRestController   : Sending current user Info
2024-03-05T03:17:01.672+05:30  INFO 3048 --- [http-nio-8080-exec-2] c.h.c.r.JobSeekerRestController          : Fetching applied jobs for seeker: {}
2024-03-05T03:17:01.677+05:30  INFO 3048 --- [http-nio-8080-exec-2] c.h.c.service.UserServiceImp             : Fetching applied jobs for current job seeker
2024-03-05T03:17:06.807+05:30  INFO 3048 --- [http-nio-8080-exec-4] c.h.c.r.JobSeekerRestController          : Searching for jobs
2024-03-05T03:17:06.807+05:30  INFO 3048 --- [http-nio-8080-exec-4] c.h.c.service.UserServiceImp             : Searching for jobs from database
2024-03-05T03:17:08.575+05:30  INFO 3048 --- [http-nio-8080-exec-10] c.h.c.r.JobSeekerRestController          : Searching for jobs
2024-03-05T03:17:08.575+05:30  INFO 3048 --- [http-nio-8080-exec-10] c.h.c.service.UserServiceImp             : Searching for jobs from database
2024-03-05T03:21:22.483+05:30  INFO 3048 --- [http-nio-8080-exec-6] c.h.c.r.JobSeekerRestController          : Fetching applied jobs for seeker: {}
2024-03-05T03:21:22.483+05:30  INFO 3048 --- [http-nio-8080-exec-6] c.h.c.service.UserServiceImp             : Fetching applied jobs for current job seeker
2024-03-05T03:21:26.555+05:30  INFO 3048 --- [http-nio-8080-exec-7] c.h.c.r.JobSeekerRestController          : Getting job post
2024-03-05T03:21:26.555+05:30  INFO 3048 --- [http-nio-8080-exec-7] c.h.c.service.UserServiceImp             : Get listing from database
2024-03-05T03:21:33.959+05:30  INFO 3048 --- [http-nio-8080-exec-10] c.h.c.r.JobSeekerRestController          : Getting Crafter resume for job seeker profile: {}
2024-03-05T03:21:33.967+05:30  INFO 3048 --- [http-nio-8080-exec-10] c.h.c.service.UserServiceImp             : Getting seeker profile
2024-03-05T03:21:33.968+05:30  INFO 3048 --- [http-nio-8080-exec-10] c.h.c.service.UserServiceImp             : Getting resume from seeker profile
2024-03-05T03:21:33.968+05:30  INFO 3048 --- [http-nio-8080-exec-10] c.h.c.service.UserServiceImp             : Returning Crafter resume
2024-03-05T03:21:36.540+05:30  INFO 3048 --- [http-nio-8080-exec-7] c.h.c.r.JobSeekerRestController          : Searching for jobs
2024-03-05T03:21:36.540+05:30  INFO 3048 --- [http-nio-8080-exec-7] c.h.c.service.UserServiceImp             : Searching for jobs from database
2024-03-05T03:21:38.284+05:30  INFO 3048 --- [http-nio-8080-exec-4] c.h.c.r.JobSeekerRestController          : Searching for jobs
2024-03-05T03:21:38.284+05:30  INFO 3048 --- [http-nio-8080-exec-4] c.h.c.service.UserServiceImp             : Searching for jobs from database
2024-03-05T03:21:49.882+05:30  INFO 3048 --- [http-nio-8080-exec-1] c.h.c.r.JobSeekerRestController          : Searching for jobs
2024-03-05T03:21:49.882+05:30  INFO 3048 --- [http-nio-8080-exec-1] c.h.c.service.UserServiceImp             : Searching for jobs from database
2024-03-05T03:21:51.914+05:30  INFO 3048 --- [http-nio-8080-exec-3] c.h.c.r.JobSeekerRestController          : Searching for jobs
2024-03-05T03:21:51.915+05:30  INFO 3048 --- [http-nio-8080-exec-3] c.h.c.service.UserServiceImp             : Searching for jobs from database
2024-03-05T03:21:54.016+05:30  INFO 3048 --- [http-nio-8080-exec-6] c.h.c.r.JobSeekerRestController          : Getting Crafter resume for job seeker profile: {}
2024-03-05T03:21:54.016+05:30  INFO 3048 --- [http-nio-8080-exec-6] c.h.c.service.UserServiceImp             : Getting seeker profile
2024-03-05T03:21:54.016+05:30  INFO 3048 --- [http-nio-8080-exec-6] c.h.c.service.UserServiceImp             : Getting resume from seeker profile
2024-03-05T03:21:54.016+05:30  INFO 3048 --- [http-nio-8080-exec-6] c.h.c.service.UserServiceImp             : Returning Crafter resume
2024-03-05T03:21:55.294+05:30  INFO 3048 --- [http-nio-8080-exec-9] c.h.c.r.RegistrationAuthRestController   : Sending current user Info
2024-03-05T03:21:56.795+05:30  INFO 3048 --- [http-nio-8080-exec-5] c.h.c.r.JobSeekerRestController          : Getting Crafter resume for job seeker profile: {}
2024-03-05T03:21:56.798+05:30  INFO 3048 --- [http-nio-8080-exec-5] c.h.c.service.UserServiceImp             : Getting seeker profile
2024-03-05T03:21:56.798+05:30  INFO 3048 --- [http-nio-8080-exec-5] c.h.c.service.UserServiceImp             : Getting resume from seeker profile
2024-03-05T03:21:56.798+05:30  INFO 3048 --- [http-nio-8080-exec-5] c.h.c.service.UserServiceImp             : Returning Crafter resume
2024-03-05T03:25:22.855+05:30  INFO 3048 --- [http-nio-8080-exec-4] c.h.c.r.RegistrationAuthRestController   : Generating jwt auth token
2024-03-05T03:25:22.855+05:30  INFO 3048 --- [http-nio-8080-exec-4] c.h.c.r.RegistrationAuthRestController   : Returning jwt token eyJhbGciOiJIUzI1NiJ9.eyJzdWIiOiJrcmlzaG5ha2FudCIsImlhdCI6MTcwOTU4OTMyMiwiZXhwIjoxNzA5NTkyOTIyfQ.wt8k_6Y55JqBPoPZrz84K3hhsvZhukPY_vr8F4TdLpE
2024-03-05T03:25:22.874+05:30  INFO 3048 --- [http-nio-8080-exec-10] c.h.c.r.RegistrationAuthRestController   : Sending current user Info
2024-03-05T03:29:01.485+05:30  INFO 3048 --- [http-nio-8080-exec-7] c.h.c.service.EmployerServiceImp         : Posting listing with ID: We are seeking a talented and motivated Software Engineer to join our dynamic team. As a Software Engineer, you will play a crucial role in designing, developing, and maintaining high-quality software solutions. You’ll collaborate with cross-functional teams to create innovative applications that enhance user experiences.


2024-03-05T03:29:01.539+05:30  WARN 3048 --- [http-nio-8080-exec-7] o.h.engine.jdbc.spi.SqlExceptionHelper   : SQL Error: 1406, SQLState: 22001
2024-03-05T03:29:01.539+05:30 ERROR 3048 --- [http-nio-8080-exec-7] o.h.engine.jdbc.spi.SqlExceptionHelper   : Data truncation: Data too long for column 'jd' at row 1
2024-03-05T03:29:11.052+05:30  INFO 3048 --- [http-nio-8080-exec-8] c.h.c.service.EmployerServiceImp         : Posting listing with ID: We are seeking a talented and motivated Software Engineer to join our dynamic team. As a Software Engineer, you will play a crucial role in designing, developing, and maintaining high-quality software solutions. You’ll collaborate with cross-functional teams to create innovative applications that enhance user experiences.


2024-03-05T03:29:11.068+05:30  WARN 3048 --- [http-nio-8080-exec-8] o.h.engine.jdbc.spi.SqlExceptionHelper   : SQL Error: 1406, SQLState: 22001
2024-03-05T03:29:11.068+05:30 ERROR 3048 --- [http-nio-8080-exec-8] o.h.engine.jdbc.spi.SqlExceptionHelper   : Data truncation: Data too long for column 'jd' at row 1
2024-03-05T03:29:55.752+05:30  INFO 3048 --- [http-nio-8080-exec-9] c.h.c.service.EmployerServiceImp         : Posting listing with ID: We are seeking a talented and motivated Software Engineer to join our dynamic team. As a Software Engineer, you will play a crucial role in designing, developing, and maintaining high-quality software solutions.


2024-03-05T09:01:39.700+05:30  WARN 3048 --- [HikariPool-1 housekeeper] com.zaxxer.hikari.pool.HikariPool        : HikariPool-1 - Thread starvation or clock leap detected (housekeeper delta=5h27m44s180ms357µs800ns).
2024-03-05T10:40:17.332+05:30  INFO 3048 --- [RMI TCP Connection(136)-127.0.0.1] inMXBeanRegistrar$SpringApplicationAdmin : Application shutdown requested.
2024-03-05T10:40:17.652+05:30  INFO 3048 --- [RMI TCP Connection(136)-127.0.0.1] o.apache.catalina.core.StandardService   : Stopping service [Tomcat]
2024-03-05T10:40:17.703+05:30  INFO 3048 --- [RMI TCP Connection(136)-127.0.0.1] o.a.c.c.C.[Tomcat].[localhost].[/]       : Destroying Spring FrameworkServlet 'dispatcherServlet'
2024-03-05T10:40:17.793+05:30  WARN 3048 --- [RMI TCP Connection(136)-127.0.0.1] o.a.c.loader.WebappClassLoaderBase       : The web application [ROOT] appears to have started a thread named [HikariPool-1 housekeeper] but has failed to stop it. This is very likely to create a memory leak. Stack trace of thread:
 java.base/jdk.internal.misc.Unsafe.park(Native Method)
 java.base/java.util.concurrent.locks.LockSupport.parkNanos(LockSupport.java:269)
 java.base/java.util.concurrent.locks.AbstractQueuedSynchronizer$ConditionObject.awaitNanos(AbstractQueuedSynchronizer.java:1674)
 java.base/java.util.concurrent.ScheduledThreadPoolExecutor$DelayedWorkQueue.take(ScheduledThreadPoolExecutor.java:1182)
 java.base/java.util.concurrent.ScheduledThreadPoolExecutor$DelayedWorkQueue.take(ScheduledThreadPoolExecutor.java:899)
 java.base/java.util.concurrent.ThreadPoolExecutor.getTask(ThreadPoolExecutor.java:1070)
 java.base/java.util.concurrent.ThreadPoolExecutor.runWorker(ThreadPoolExecutor.java:1130)
 java.base/java.util.concurrent.ThreadPoolExecutor$Worker.run(ThreadPoolExecutor.java:642)
 java.base/java.lang.Thread.run(Thread.java:1589)
2024-03-05T10:40:17.998+05:30  INFO 3048 --- [RMI TCP Connection(136)-127.0.0.1] j.LocalContainerEntityManagerFactoryBean : Closing JPA EntityManagerFactory for persistence unit 'default'
2024-03-05T10:40:18.097+05:30  INFO 3048 --- [RMI TCP Connection(136)-127.0.0.1] com.zaxxer.hikari.HikariDataSource       : HikariPool-1 - Shutdown initiated...
2024-03-05T10:40:18.123+05:30  INFO 3048 --- [RMI TCP Connection(136)-127.0.0.1] com.zaxxer.hikari.HikariDataSource       : HikariPool-1 - Shutdown completed.
2024-03-05T10:40:33.963+05:30  INFO 17300 --- [main] c.h.c.CareercrafterfinalApplication      : Starting CareercrafterfinalApplication using Java 19.0.2 with PID 17300 (D:\careercrafterfinal\target\classes started by realme in D:\careercrafterfinal)
2024-03-05T10:40:33.965+05:30  INFO 17300 --- [main] c.h.c.CareercrafterfinalApplication      : No active profile set, falling back to 1 default profile: "default"
2024-03-05T10:40:54.845+05:30  INFO 18792 --- [main] c.h.c.CareercrafterfinalApplication      : Starting CareercrafterfinalApplication using Java 19.0.2 with PID 18792 (D:\careercrafterfinal\target\classes started by realme in D:\careercrafterfinal)
2024-03-05T10:40:54.847+05:30  INFO 18792 --- [main] c.h.c.CareercrafterfinalApplication      : No active profile set, falling back to 1 default profile: "default"
2024-03-05T10:40:55.820+05:30  INFO 18792 --- [main] .s.d.r.c.RepositoryConfigurationDelegate : Bootstrapping Spring Data JPA repositories in DEFAULT mode.
2024-03-05T10:40:55.899+05:30  INFO 18792 --- [main] .s.d.r.c.RepositoryConfigurationDelegate : Finished Spring Data repository scanning in 68 ms. Found 8 JPA repository interfaces.
2024-03-05T10:40:56.510+05:30  INFO 18792 --- [main] o.s.b.w.embedded.tomcat.TomcatWebServer  : Tomcat initialized with port(s): 8080 (http)
2024-03-05T10:40:56.522+05:30  INFO 18792 --- [main] o.apache.catalina.core.StandardService   : Starting service [Tomcat]
2024-03-05T10:40:56.522+05:30  INFO 18792 --- [main] o.apache.catalina.core.StandardEngine    : Starting Servlet engine: [Apache Tomcat/10.1.18]
2024-03-05T10:40:56.636+05:30  INFO 18792 --- [main] o.a.c.c.C.[Tomcat].[localhost].[/]       : Initializing Spring embedded WebApplicationContext
2024-03-05T10:40:56.637+05:30  INFO 18792 --- [main] w.s.c.ServletWebServerApplicationContext : Root WebApplicationContext: initialization completed in 1730 ms
2024-03-05T10:40:56.665+05:30  INFO 18792 --- [main] o.s.aop.framework.CglibAopProxy          : Unable to proxy interface-implementing method [public final void org.springframework.web.filter.OncePerRequestFilter.doFilter(jakarta.servlet.ServletRequest,jakarta.servlet.ServletResponse,jakarta.servlet.FilterChain) throws jakarta.servlet.ServletException,java.io.IOException] because it is marked as final: Consider using interface-based JDK proxies instead!
2024-03-05T10:40:56.665+05:30  INFO 18792 --- [main] o.s.aop.framework.CglibAopProxy          : Unable to proxy interface-implementing method [public final void org.springframework.web.filter.GenericFilterBean.init(jakarta.servlet.FilterConfig) throws jakarta.servlet.ServletException] because it is marked as final: Consider using interface-based JDK proxies instead!
2024-03-05T10:40:56.819+05:30  INFO 18792 --- [main] o.hibernate.jpa.internal.util.LogHelper  : HHH000204: Processing PersistenceUnitInfo [name: default]
2024-03-05T10:40:56.906+05:30  INFO 18792 --- [main] org.hibernate.Version                    : HHH000412: Hibernate ORM core version 6.2.20.Final
2024-03-05T10:40:56.909+05:30  INFO 18792 --- [main] org.hibernate.cfg.Environment            : HHH000406: Using bytecode reflection optimizer
2024-03-05T10:40:57.227+05:30  INFO 18792 --- [main] o.s.o.j.p.SpringPersistenceUnitInfo      : No LoadTimeWeaver setup: ignoring JPA class transformer
2024-03-05T10:40:57.258+05:30  INFO 18792 --- [main] com.zaxxer.hikari.HikariDataSource       : HikariPool-1 - Starting...
2024-03-05T10:40:57.676+05:30  INFO 18792 --- [main] com.zaxxer.hikari.pool.HikariPool        : HikariPool-1 - Added connection com.mysql.cj.jdbc.ConnectionImpl@61c4cebd
2024-03-05T10:40:57.678+05:30  INFO 18792 --- [main] com.zaxxer.hikari.HikariDataSource       : HikariPool-1 - Start completed.
2024-03-05T10:40:57.756+05:30  WARN 18792 --- [main] org.hibernate.orm.deprecation            : HHH90000025: MySQL8Dialect does not need to be specified explicitly using 'hibernate.dialect' (remove the property setting and it will be selected by default)
2024-03-05T10:40:57.757+05:30  WARN 18792 --- [main] org.hibernate.orm.deprecation            : HHH90000026: MySQL8Dialect has been deprecated; use org.hibernate.dialect.MySQLDialect instead
2024-03-05T10:40:59.038+05:30  INFO 18792 --- [main] o.h.e.t.j.p.i.JtaPlatformInitiator       : HHH000489: No JTA platform available (set 'hibernate.transaction.jta.platform' to enable JTA platform integration)
2024-03-05T10:40:59.249+05:30  INFO 18792 --- [main] j.LocalContainerEntityManagerFactoryBean : Initialized JPA EntityManagerFactory for persistence unit 'default'
2024-03-05T10:40:59.702+05:30  INFO 18792 --- [main] o.s.d.j.r.query.QueryEnhancerFactory     : Hibernate is in classpath; If applicable, HQL parser will be used.
2024-03-05T10:41:00.306+05:30  WARN 18792 --- [main] JpaBaseConfiguration$JpaWebConfiguration : spring.jpa.open-in-view is enabled by default. Therefore, database queries may be performed during view rendering. Explicitly configure spring.jpa.open-in-view to disable this warning
2024-03-05T10:41:00.599+05:30  INFO 18792 --- [main] o.s.s.web.DefaultSecurityFilterChain     : Will secure any request with [org.springframework.security.web.session.DisableEncodeUrlFilter@7432cb37, org.springframework.security.web.context.request.async.WebAsyncManagerIntegrationFilter@7602da1a, org.springframework.security.web.context.SecurityContextHolderFilter@463e0b6a, org.springframework.security.web.header.HeaderWriterFilter@254dfd34, org.springframework.web.filter.CorsFilter@53b579d2, org.springframework.security.web.authentication.logout.LogoutFilter@6cc91654, com.hexaware.careercrafterfinal.filter.JwtAuthFilter@7af17d31, org.springframework.security.web.savedrequest.RequestCacheAwareFilter@3d2a164e, org.springframework.security.web.servletapi.SecurityContextHolderAwareRequestFilter@35216a2e, org.springframework.security.web.authentication.AnonymousAuthenticationFilter@2d1dbf4f, org.springframework.security.web.session.SessionManagementFilter@7262532a, org.springframework.security.web.access.ExceptionTranslationFilter@1ba00c0c, org.springframework.security.web.access.intercept.AuthorizationFilter@72de1d86]
2024-03-05T10:41:01.047+05:30  INFO 18792 --- [main] o.s.b.w.embedded.tomcat.TomcatWebServer  : Tomcat started on port(s): 8080 (http) with context path ''
2024-03-05T10:41:01.058+05:30  INFO 18792 --- [main] c.h.c.CareercrafterfinalApplication      : Started CareercrafterfinalApplication in 6.512 seconds (process running for 7.118)
2024-03-05T10:41:21.114+05:30  INFO 18792 --- [http-nio-8080-exec-1] o.a.c.c.C.[Tomcat].[localhost].[/]       : Initializing Spring DispatcherServlet 'dispatcherServlet'
2024-03-05T10:41:21.115+05:30  INFO 18792 --- [http-nio-8080-exec-1] o.s.web.servlet.DispatcherServlet        : Initializing Servlet 'dispatcherServlet'
2024-03-05T10:41:21.118+05:30  INFO 18792 --- [http-nio-8080-exec-1] o.s.web.servlet.DispatcherServlet        : Completed initialization in 2 ms
2024-03-05T10:41:21.632+05:30  INFO 18792 --- [http-nio-8080-exec-2] c.h.c.r.RegistrationAuthRestController   : Generating jwt auth token
2024-03-05T10:41:21.682+05:30  INFO 18792 --- [http-nio-8080-exec-2] c.h.c.r.RegistrationAuthRestController   : Returning jwt token eyJhbGciOiJIUzI1NiJ9.eyJzdWIiOiJqb2huIiwiaWF0IjoxNzA5NjE1NDgxLCJleHAiOjE3MDk2MTkwODF9.EMFX_HDwpIJemO0GgP-vr3CHr3Ke2EjFkFhZ7zqsshs
2024-03-05T10:41:21.756+05:30  INFO 18792 --- [http-nio-8080-exec-4] c.h.c.r.RegistrationAuthRestController   : Sending current user Info
2024-03-05T10:41:21.998+05:30  INFO 18792 --- [http-nio-8080-exec-8] c.h.c.r.JobSeekerRestController          : Searching for jobs
2024-03-05T10:41:21.999+05:30  INFO 18792 --- [http-nio-8080-exec-8] c.h.c.service.UserServiceImp             : Searching for jobs from database
2024-03-05T10:41:30.036+05:30  INFO 18792 --- [http-nio-8080-exec-3] c.h.c.r.JobSeekerRestController          : Searching for jobs
2024-03-05T10:41:30.037+05:30  INFO 18792 --- [http-nio-8080-exec-3] c.h.c.service.UserServiceImp             : Searching for jobs from database
2024-03-05T10:41:49.701+05:30  INFO 18792 --- [http-nio-8080-exec-5] c.h.c.r.JobSeekerRestController          : Searching for jobs
2024-03-05T10:41:49.702+05:30  INFO 18792 --- [http-nio-8080-exec-5] c.h.c.service.UserServiceImp             : Searching for jobs from database
2024-03-05T10:43:39.463+05:30  INFO 18792 --- [http-nio-8080-exec-6] c.h.c.r.JobSeekerRestController          : Applying for job with listing ID: 3
2024-03-05T10:43:39.532+05:30  INFO 18792 --- [http-nio-8080-exec-6] c.h.c.service.UserServiceImp             : Getting job seeker details from database: {}JobSeeker [seekerId=4, seekerName=john, tagline=Designer, seekerGender=Male, email=dp@gmail.com, summary=blan, dateOfBirth=2024-03-13, phoneNumber=7999652070, address=Delhi, country=india, currentSalary=4.0, resume=Resume [resumeId=3, address=, languages=[], skills=[Skills [skillId=6, skillName=java], Skills [skillId=7, skillName=python]], referenceLinks=[ReferenceLinks [linkId=1, link=localhost:8080//trial]], accomplishments=[Accomplishments [accomplishmentId=4, description=null]], experiences=[], education=[Education [educationId=4, collegeName=Technocrats Institute of technology, degree=B-Tech, specialization=CSE, startdate=2019-08-04, endDate=2023-06-07, percentage=85.0]], projects=[Project [projectId=1, title=File Arranger System, description=File Arranger, startDate=2024-01-04, endDate=2024-03-01, referenceLink=localhost:4200/test, hostedlink=localhost:4200/test]], certifications=[], resumeFile=com.hexaware.careercrafterfinal.entities.ResumeDoc@2bb4f185], applications=[Applications [applicationId=2, companyName=Nucleus, profile=ASE, appliedDate=2024-03-03, status=Pending, coverLetter=lorem50, resume=Resume [resumeId=3, address=, languages=[], skills=[Skills [skillId=6, skillName=java], Skills [skillId=7, skillName=python]], referenceLinks=[ReferenceLinks [linkId=1, link=localhost:8080//trial]], accomplishments=[Accomplishments [accomplishmentId=4, description=null]], experiences=[], education=[Education [educationId=4, collegeName=Technocrats Institute of technology, degree=B-Tech, specialization=CSE, startdate=2019-08-04, endDate=2023-06-07, percentage=85.0]], projects=[Project [projectId=1, title=File Arranger System, description=File Arranger, startDate=2024-01-04, endDate=2024-03-01, referenceLink=localhost:4200/test, hostedlink=localhost:4200/test]], certifications=[], resumeFile=com.hexaware.careercrafterfinal.entities.ResumeDoc@2bb4f185], responseFile=]], profilePic=com.hexaware.careercrafterfinal.entities.ProfilePic@192b21d]
2024-03-05T10:43:39.532+05:30  INFO 18792 --- [http-nio-8080-exec-6] c.h.c.service.UserServiceImp             : Setting job seeker resume to application: {}Resume [resumeId=3, address=, languages=[], skills=[Skills [skillId=6, skillName=java], Skills [skillId=7, skillName=python]], referenceLinks=[ReferenceLinks [linkId=1, link=localhost:8080//trial]], accomplishments=[Accomplishments [accomplishmentId=4, description=null]], experiences=[], education=[Education [educationId=4, collegeName=Technocrats Institute of technology, degree=B-Tech, specialization=CSE, startdate=2019-08-04, endDate=2023-06-07, percentage=85.0]], projects=[Project [projectId=1, title=File Arranger System, description=File Arranger, startDate=2024-01-04, endDate=2024-03-01, referenceLink=localhost:4200/test, hostedlink=localhost:4200/test]], certifications=[], resumeFile=com.hexaware.careercrafterfinal.entities.ResumeDoc@2bb4f185]
2024-03-05T10:43:39.532+05:30  INFO 18792 --- [http-nio-8080-exec-6] c.h.c.service.UserServiceImp             : Setting application list with new application: {}[Applications [applicationId=2, companyName=Nucleus, profile=ASE, appliedDate=2024-03-03, status=Pending, coverLetter=lorem50, resume=Resume [resumeId=3, address=, languages=[], skills=[Skills [skillId=6, skillName=java], Skills [skillId=7, skillName=python]], referenceLinks=[ReferenceLinks [linkId=1, link=localhost:8080//trial]], accomplishments=[Accomplishments [accomplishmentId=4, description=null]], experiences=[], education=[Education [educationId=4, collegeName=Technocrats Institute of technology, degree=B-Tech, specialization=CSE, startdate=2019-08-04, endDate=2023-06-07, percentage=85.0]], projects=[Project [projectId=1, title=File Arranger System, description=File Arranger, startDate=2024-01-04, endDate=2024-03-01, referenceLink=localhost:4200/test, hostedlink=localhost:4200/test]], certifications=[], resumeFile=com.hexaware.careercrafterfinal.entities.ResumeDoc@2bb4f185], responseFile=], Applications [applicationId=0, companyName=NA, profile=NA, appliedDate=2024-03-05, status=Pending, coverLetter=NULL, resume=Resume [resumeId=3, address=, languages=[], skills=[Skills [skillId=6, skillName=java], Skills [skillId=7, skillName=python]], referenceLinks=[ReferenceLinks [linkId=1, link=localhost:8080//trial]], accomplishments=[Accomplishments [accomplishmentId=4, description=null]], experiences=[], education=[Education [educationId=4, collegeName=Technocrats Institute of technology, degree=B-Tech, specialization=CSE, startdate=2019-08-04, endDate=2023-06-07, percentage=85.0]], projects=[Project [projectId=1, title=File Arranger System, description=File Arranger, startDate=2024-01-04, endDate=2024-03-01, referenceLink=localhost:4200/test, hostedlink=localhost:4200/test]], certifications=[], resumeFile=com.hexaware.careercrafterfinal.entities.ResumeDoc@2bb4f185], responseFile=]]
2024-03-05T10:43:39.552+05:30  INFO 18792 --- [http-nio-8080-exec-6] c.h.c.service.UserServiceImp             : After saving job seeker data in database: {}JobSeeker [seekerId=4, seekerName=john, tagline=Designer, seekerGender=Male, email=dp@gmail.com, summary=blan, dateOfBirth=2024-03-13, phoneNumber=7999652070, address=Delhi, country=india, currentSalary=4.0, resume=Resume [resumeId=3, address=, languages=[], skills=[Skills [skillId=6, skillName=java], Skills [skillId=7, skillName=python]], referenceLinks=[ReferenceLinks [linkId=1, link=localhost:8080//trial]], accomplishments=[Accomplishments [accomplishmentId=4, description=null]], experiences=[], education=[Education [educationId=4, collegeName=Technocrats Institute of technology, degree=B-Tech, specialization=CSE, startdate=2019-08-04, endDate=2023-06-07, percentage=85.0]], projects=[Project [projectId=1, title=File Arranger System, description=File Arranger, startDate=2024-01-04, endDate=2024-03-01, referenceLink=localhost:4200/test, hostedlink=localhost:4200/test]], certifications=[], resumeFile=com.hexaware.careercrafterfinal.entities.ResumeDoc@2bb4f185], applications=[Applications [applicationId=2, companyName=Nucleus, profile=ASE, appliedDate=2024-03-03, status=Pending, coverLetter=lorem50, resume=Resume [resumeId=3, address=, languages=[], skills=[Skills [skillId=6, skillName=java], Skills [skillId=7, skillName=python]], referenceLinks=[ReferenceLinks [linkId=1, link=localhost:8080//trial]], accomplishments=[Accomplishments [accomplishmentId=4, description=null]], experiences=[], education=[Education [educationId=4, collegeName=Technocrats Institute of technology, degree=B-Tech, specialization=CSE, startdate=2019-08-04, endDate=2023-06-07, percentage=85.0]], projects=[Project [projectId=1, title=File Arranger System, description=File Arranger, startDate=2024-01-04, endDate=2024-03-01, referenceLink=localhost:4200/test, hostedlink=localhost:4200/test]], certifications=[], resumeFile=com.hexaware.careercrafterfinal.entities.ResumeDoc@2bb4f185], responseFile=], Applications [applicationId=3, companyName=NA, profile=NA, appliedDate=2024-03-05, status=Pending, coverLetter=NULL, resume=Resume [resumeId=3, address=, languages=[], skills=[Skills [skillId=6, skillName=java], Skills [skillId=7, skillName=python]], referenceLinks=[ReferenceLinks [linkId=1, link=localhost:8080//trial]], accomplishments=[Accomplishments [accomplishmentId=4, description=null]], experiences=[], education=[Education [educationId=4, collegeName=Technocrats Institute of technology, degree=B-Tech, specialization=CSE, startdate=2019-08-04, endDate=2023-06-07, percentage=85.0]], projects=[Project [projectId=1, title=File Arranger System, description=File Arranger, startDate=2024-01-04, endDate=2024-03-01, referenceLink=localhost:4200/test, hostedlink=localhost:4200/test]], certifications=[], resumeFile=com.hexaware.careercrafterfinal.entities.ResumeDoc@2bb4f185], responseFile=]], profilePic=com.hexaware.careercrafterfinal.entities.ProfilePic@192b21d]
2024-03-05T10:43:39.552+05:30  INFO 18792 --- [http-nio-8080-exec-6] c.h.c.service.UserServiceImp             : After saving listing with applications: 
2024-03-05T10:43:41.788+05:30  INFO 18792 --- [http-nio-8080-exec-7] c.h.c.r.JobSeekerRestController          : Searching for jobs
2024-03-05T10:43:41.788+05:30  INFO 18792 --- [http-nio-8080-exec-7] c.h.c.service.UserServiceImp             : Searching for jobs from database
2024-03-05T10:43:55.193+05:30  INFO 18792 --- [http-nio-8080-exec-3] c.h.c.r.JobSeekerRestController          : Searching for jobs
2024-03-05T10:43:55.195+05:30  INFO 18792 --- [http-nio-8080-exec-3] c.h.c.service.UserServiceImp             : Searching for jobs from database
2024-03-05T10:43:59.802+05:30  INFO 18792 --- [http-nio-8080-exec-5] c.h.c.r.JobSeekerRestController          : Searching for jobs
2024-03-05T10:43:59.803+05:30  INFO 18792 --- [http-nio-8080-exec-5] c.h.c.service.UserServiceImp             : Searching for jobs from database
2024-03-05T10:44:06.266+05:30  INFO 18792 --- [http-nio-8080-exec-8] c.h.c.r.JobSeekerRestController          : Searching for jobs
2024-03-05T10:44:06.267+05:30  INFO 18792 --- [http-nio-8080-exec-8] c.h.c.service.UserServiceImp             : Searching for jobs from database
2024-03-05T10:44:12.322+05:30  INFO 18792 --- [http-nio-8080-exec-10] c.h.c.r.JobSeekerRestController          : Fetching applied jobs for seeker: {}
2024-03-05T10:44:12.342+05:30  INFO 18792 --- [http-nio-8080-exec-10] c.h.c.service.UserServiceImp             : Fetching applied jobs for current job seeker
2024-03-05T10:44:16.727+05:30  INFO 18792 --- [http-nio-8080-exec-2] c.h.c.r.RegistrationAuthRestController   : Sending current user Info
2024-03-05T10:44:21.997+05:30  INFO 18792 --- [http-nio-8080-exec-7] c.h.c.r.JobSeekerRestController          : Getting Crafter resume for job seeker profile: {}
2024-03-05T10:44:21.998+05:30  INFO 18792 --- [http-nio-8080-exec-7] c.h.c.service.UserServiceImp             : Getting seeker profile
2024-03-05T10:44:22.010+05:30  INFO 18792 --- [http-nio-8080-exec-7] c.h.c.service.UserServiceImp             : Getting resume from seeker profile
2024-03-05T10:44:22.010+05:30  INFO 18792 --- [http-nio-8080-exec-7] c.h.c.service.UserServiceImp             : Returning Crafter resume
2024-03-05T10:45:43.901+05:30  INFO 18792 --- [http-nio-8080-exec-3] c.h.c.r.RegistrationAuthRestController   : Generating jwt auth token
2024-03-05T10:45:43.901+05:30  INFO 18792 --- [http-nio-8080-exec-3] c.h.c.r.RegistrationAuthRestController   : Returning jwt token eyJhbGciOiJIUzI1NiJ9.eyJzdWIiOiJrcmlzaG5ha2FudCIsImlhdCI6MTcwOTYxNTc0MywiZXhwIjoxNzA5NjE5MzQzfQ.ci7NfRhRyvz9Dp08aMShvp_1X7nOXZBJ4FBxI_icmCY
2024-03-05T10:45:43.927+05:30  INFO 18792 --- [http-nio-8080-exec-4] c.h.c.r.RegistrationAuthRestController   : Sending current user Info
2024-03-05T10:45:53.936+05:30  INFO 18792 --- [http-nio-8080-exec-8] c.h.c.service.EmployerServiceImp         : Fetching all resumes
2024-03-05T10:46:11.112+05:30  INFO 18792 --- [http-nio-8080-exec-5] c.h.c.service.EmployerServiceImp         : Fetching all resumes
2024-03-05T10:47:38.300+05:30  INFO 18792 --- [http-nio-8080-exec-3] c.h.c.r.RegistrationAuthRestController   : Sending current user Info
2024-03-05T10:48:06.776+05:30  INFO 18792 --- [http-nio-8080-exec-2] c.h.c.service.EmployerServiceImp         : Changing listing status with ID: 1
2024-03-05T10:48:15.251+05:30  INFO 18792 --- [http-nio-8080-exec-4] c.h.c.service.EmployerServiceImp         : Fetching all applications for listing id:1
2024-03-05T10:48:24.501+05:30  INFO 18792 --- [http-nio-8080-exec-9] c.h.c.service.EmployerServiceImp         : Fetching all applications for listing id:3
2024-03-05T10:48:29.505+05:30  INFO 18792 --- [http-nio-8080-exec-10] c.h.c.service.EmployerServiceImp         : Changing status of application with ID: 3 to Selected
2024-03-05T10:48:29.626+05:30  INFO 18792 --- [http-nio-8080-exec-10] c.h.c.service.EmailService               : Sending Email to the applicant
2024-03-05T10:49:31.238+05:30  INFO 18792 --- [http-nio-8080-exec-8] c.h.c.service.EmployerServiceImp         : Fetching all applications for listing id:1
2024-03-05T10:49:37.491+05:30  INFO 18792 --- [http-nio-8080-exec-10] c.h.c.service.EmployerServiceImp         : Fetching all applications for listing id:3
2024-03-05T10:49:42.256+05:30  INFO 18792 --- [http-nio-8080-exec-4] c.h.c.service.EmployerServiceImp         : Fetching all applications for listing id:2
2024-03-05T10:49:46.440+05:30  INFO 18792 --- [http-nio-8080-exec-8] c.h.c.service.EmployerServiceImp         : Fetching all applications for listing id:1
2024-03-05T10:49:59.941+05:30  INFO 18792 --- [http-nio-8080-exec-6] c.h.c.service.EmployerServiceImp         : Fetching all resumes
2024-03-05T11:01:49.722+05:30  INFO 18792 --- [http-nio-8080-exec-9] c.h.c.r.RegistrationAuthRestController   : Hitting API to register user info for job seeker
2024-03-05T11:01:50.067+05:30  INFO 18792 --- [http-nio-8080-exec-9] c.h.c.service.ClientService              : User added to system
2024-03-05T11:01:50.080+05:30  INFO 18792 --- [http-nio-8080-exec-9] c.h.c.service.EmailService               : Sending Email to the applicant
2024-03-05T11:03:11.379+05:30  INFO 18792 --- [http-nio-8080-exec-3] c.h.c.r.RegistrationAuthRestController   : Hitting API to register user info for job seeker
2024-03-05T11:03:11.497+05:30  INFO 18792 --- [http-nio-8080-exec-3] c.h.c.service.ClientService              : User added to system
2024-03-05T11:03:11.497+05:30  INFO 18792 --- [http-nio-8080-exec-3] c.h.c.service.EmailService               : Sending Email to the applicant
2024-03-05T22:56:42.443+05:30  WARN 18792 --- [HikariPool-1 housekeeper] com.zaxxer.hikari.pool.HikariPool        : HikariPool-1 - Thread starvation or clock leap detected (housekeeper delta=5h14m38s692ms796µs900ns).
2024-03-05T23:12:04.092+05:30  INFO 18792 --- [RMI TCP Connection(445)-127.0.0.1] inMXBeanRegistrar$SpringApplicationAdmin : Application shutdown requested.
2024-03-05T23:12:04.294+05:30  INFO 18792 --- [RMI TCP Connection(445)-127.0.0.1] o.apache.catalina.core.StandardService   : Stopping service [Tomcat]
2024-03-05T23:12:04.326+05:30  INFO 18792 --- [RMI TCP Connection(445)-127.0.0.1] o.a.c.c.C.[Tomcat].[localhost].[/]       : Destroying Spring FrameworkServlet 'dispatcherServlet'
2024-03-05T23:12:04.400+05:30  WARN 18792 --- [RMI TCP Connection(445)-127.0.0.1] o.a.c.loader.WebappClassLoaderBase       : The web application [ROOT] appears to have started a thread named [HikariPool-1 housekeeper] but has failed to stop it. This is very likely to create a memory leak. Stack trace of thread:
 java.base/jdk.internal.misc.Unsafe.park(Native Method)
 java.base/java.util.concurrent.locks.LockSupport.parkNanos(LockSupport.java:269)
 java.base/java.util.concurrent.locks.AbstractQueuedSynchronizer$ConditionObject.awaitNanos(AbstractQueuedSynchronizer.java:1674)
 java.base/java.util.concurrent.ScheduledThreadPoolExecutor$DelayedWorkQueue.take(ScheduledThreadPoolExecutor.java:1182)
 java.base/java.util.concurrent.ScheduledThreadPoolExecutor$DelayedWorkQueue.take(ScheduledThreadPoolExecutor.java:899)
 java.base/java.util.concurrent.ThreadPoolExecutor.getTask(ThreadPoolExecutor.java:1070)
 java.base/java.util.concurrent.ThreadPoolExecutor.runWorker(ThreadPoolExecutor.java:1130)
 java.base/java.util.concurrent.ThreadPoolExecutor$Worker.run(ThreadPoolExecutor.java:642)
 java.base/java.lang.Thread.run(Thread.java:1589)
2024-03-05T23:12:04.494+05:30  INFO 18792 --- [RMI TCP Connection(445)-127.0.0.1] j.LocalContainerEntityManagerFactoryBean : Closing JPA EntityManagerFactory for persistence unit 'default'
2024-03-05T23:12:04.544+05:30  INFO 18792 --- [RMI TCP Connection(445)-127.0.0.1] com.zaxxer.hikari.HikariDataSource       : HikariPool-1 - Shutdown initiated...
2024-03-05T23:12:04.568+05:30  INFO 18792 --- [RMI TCP Connection(445)-127.0.0.1] com.zaxxer.hikari.HikariDataSource       : HikariPool-1 - Shutdown completed.
2024-03-05T23:12:12.081+05:30  INFO 12820 --- [main] c.h.c.CareercrafterfinalApplication      : Starting CareercrafterfinalApplication using Java 19.0.2 with PID 12820 (D:\careercrafterfinal\target\classes started by realme in D:\careercrafterfinal)
2024-03-05T23:12:12.085+05:30  INFO 12820 --- [main] c.h.c.CareercrafterfinalApplication      : No active profile set, falling back to 1 default profile: "default"
2024-03-05T23:12:12.937+05:30  INFO 12820 --- [main] .s.d.r.c.RepositoryConfigurationDelegate : Bootstrapping Spring Data JPA repositories in DEFAULT mode.
2024-03-05T23:12:13.013+05:30  INFO 12820 --- [main] .s.d.r.c.RepositoryConfigurationDelegate : Finished Spring Data repository scanning in 67 ms. Found 8 JPA repository interfaces.
2024-03-05T23:12:13.550+05:30  INFO 12820 --- [main] o.s.b.w.embedded.tomcat.TomcatWebServer  : Tomcat initialized with port(s): 8080 (http)
2024-03-05T23:12:13.561+05:30  INFO 12820 --- [main] o.apache.catalina.core.StandardService   : Starting service [Tomcat]
2024-03-05T23:12:13.562+05:30  INFO 12820 --- [main] o.apache.catalina.core.StandardEngine    : Starting Servlet engine: [Apache Tomcat/10.1.18]
2024-03-05T23:12:13.665+05:30  INFO 12820 --- [main] o.a.c.c.C.[Tomcat].[localhost].[/]       : Initializing Spring embedded WebApplicationContext
2024-03-05T23:12:13.666+05:30  INFO 12820 --- [main] w.s.c.ServletWebServerApplicationContext : Root WebApplicationContext: initialization completed in 1519 ms
2024-03-05T23:12:13.687+05:30  INFO 12820 --- [main] o.s.aop.framework.CglibAopProxy          : Unable to proxy interface-implementing method [public final void org.springframework.web.filter.OncePerRequestFilter.doFilter(jakarta.servlet.ServletRequest,jakarta.servlet.ServletResponse,jakarta.servlet.FilterChain) throws jakarta.servlet.ServletException,java.io.IOException] because it is marked as final: Consider using interface-based JDK proxies instead!
2024-03-05T23:12:13.688+05:30  INFO 12820 --- [main] o.s.aop.framework.CglibAopProxy          : Unable to proxy interface-implementing method [public final void org.springframework.web.filter.GenericFilterBean.init(jakarta.servlet.FilterConfig) throws jakarta.servlet.ServletException] because it is marked as final: Consider using interface-based JDK proxies instead!
2024-03-05T23:12:13.831+05:30  INFO 12820 --- [main] o.hibernate.jpa.internal.util.LogHelper  : HHH000204: Processing PersistenceUnitInfo [name: default]
2024-03-05T23:12:13.905+05:30  INFO 12820 --- [main] org.hibernate.Version                    : HHH000412: Hibernate ORM core version 6.2.20.Final
2024-03-05T23:12:13.908+05:30  INFO 12820 --- [main] org.hibernate.cfg.Environment            : HHH000406: Using bytecode reflection optimizer
2024-03-05T23:12:14.196+05:30  INFO 12820 --- [main] o.s.o.j.p.SpringPersistenceUnitInfo      : No LoadTimeWeaver setup: ignoring JPA class transformer
2024-03-05T23:12:14.226+05:30  INFO 12820 --- [main] com.zaxxer.hikari.HikariDataSource       : HikariPool-1 - Starting...
2024-03-05T23:12:14.553+05:30  INFO 12820 --- [main] com.zaxxer.hikari.pool.HikariPool        : HikariPool-1 - Added connection com.mysql.cj.jdbc.ConnectionImpl@7b3c2ae0
2024-03-05T23:12:14.558+05:30  INFO 12820 --- [main] com.zaxxer.hikari.HikariDataSource       : HikariPool-1 - Start completed.
2024-03-05T23:12:14.650+05:30  WARN 12820 --- [main] org.hibernate.orm.deprecation            : HHH90000025: MySQL8Dialect does not need to be specified explicitly using 'hibernate.dialect' (remove the property setting and it will be selected by default)
2024-03-05T23:12:14.651+05:30  WARN 12820 --- [main] org.hibernate.orm.deprecation            : HHH90000026: MySQL8Dialect has been deprecated; use org.hibernate.dialect.MySQLDialect instead
2024-03-05T23:12:15.761+05:30  INFO 12820 --- [main] o.h.e.t.j.p.i.JtaPlatformInitiator       : HHH000489: No JTA platform available (set 'hibernate.transaction.jta.platform' to enable JTA platform integration)
2024-03-05T23:12:16.004+05:30  INFO 12820 --- [main] j.LocalContainerEntityManagerFactoryBean : Initialized JPA EntityManagerFactory for persistence unit 'default'
2024-03-05T23:12:16.416+05:30  INFO 12820 --- [main] o.s.d.j.r.query.QueryEnhancerFactory     : Hibernate is in classpath; If applicable, HQL parser will be used.
2024-03-05T23:12:16.978+05:30  WARN 12820 --- [main] JpaBaseConfiguration$JpaWebConfiguration : spring.jpa.open-in-view is enabled by default. Therefore, database queries may be performed during view rendering. Explicitly configure spring.jpa.open-in-view to disable this warning
2024-03-05T23:12:17.281+05:30  INFO 12820 --- [main] o.s.s.web.DefaultSecurityFilterChain     : Will secure any request with [org.springframework.security.web.session.DisableEncodeUrlFilter@7602da1a, org.springframework.security.web.context.request.async.WebAsyncManagerIntegrationFilter@6d985720, org.springframework.security.web.context.SecurityContextHolderFilter@2625eb84, org.springframework.security.web.header.HeaderWriterFilter@72f4232, org.springframework.web.filter.CorsFilter@3da701a1, org.springframework.security.web.authentication.logout.LogoutFilter@3c72c488, com.hexaware.careercrafterfinal.filter.JwtAuthFilter@4a49ce3a, org.springframework.security.web.savedrequest.RequestCacheAwareFilter@3725471, org.springframework.security.web.servletapi.SecurityContextHolderAwareRequestFilter@3c51dec5, org.springframework.security.web.authentication.AnonymousAuthenticationFilter@4f94b2a8, org.springframework.security.web.session.SessionManagementFilter@44bbf5e3, org.springframework.security.web.access.ExceptionTranslationFilter@3a35a792, org.springframework.security.web.access.intercept.AuthorizationFilter@9124278]
2024-03-05T23:12:17.585+05:30  INFO 12820 --- [main] o.s.b.w.embedded.tomcat.TomcatWebServer  : Tomcat started on port(s): 8080 (http) with context path ''
2024-03-05T23:12:17.595+05:30  INFO 12820 --- [main] c.h.c.CareercrafterfinalApplication      : Started CareercrafterfinalApplication in 5.85 seconds (process running for 6.678)
2024-03-05T23:15:45.407+05:30  WARN 12820 --- [HikariPool-1 housekeeper] com.zaxxer.hikari.pool.HikariPool        : HikariPool-1 - Thread starvation or clock leap detected (housekeeper delta=1m30s732ms74µs600ns).
2024-03-05T23:16:16.108+05:30  INFO 12820 --- [http-nio-8080-exec-1] o.a.c.c.C.[Tomcat].[localhost].[/]       : Initializing Spring DispatcherServlet 'dispatcherServlet'
2024-03-05T23:16:16.108+05:30  INFO 12820 --- [http-nio-8080-exec-1] o.s.web.servlet.DispatcherServlet        : Initializing Servlet 'dispatcherServlet'
2024-03-05T23:16:16.118+05:30  INFO 12820 --- [http-nio-8080-exec-1] o.s.web.servlet.DispatcherServlet        : Completed initialization in 0 ms
2024-03-05T23:16:17.127+05:30  INFO 12820 --- [http-nio-8080-exec-2] c.h.c.r.RegistrationAuthRestController   : Generating jwt auth token
2024-03-05T23:16:17.222+05:30  INFO 12820 --- [http-nio-8080-exec-2] c.h.c.r.RegistrationAuthRestController   : Returning jwt token eyJhbGciOiJIUzI1NiJ9.eyJzdWIiOiJqb2huIiwiaWF0IjoxNzA5NjYwNzc3LCJleHAiOjE3MDk2NjQzNzd9.ceeUBqV-6gCo7XJKSomNQIa907DRVYFcl7yTXTjyWn8
2024-03-05T23:16:17.412+05:30  INFO 12820 --- [http-nio-8080-exec-4] c.h.c.r.RegistrationAuthRestController   : Sending current user Info
2024-03-05T23:16:17.839+05:30  INFO 12820 --- [http-nio-8080-exec-7] c.h.c.r.JobSeekerRestController          : Searching for jobs
2024-03-05T23:16:17.839+05:30  INFO 12820 --- [http-nio-8080-exec-7] c.h.c.service.UserServiceImp             : Searching for jobs from database
2024-03-05T23:16:21.791+05:30  INFO 12820 --- [http-nio-8080-exec-10] c.h.c.r.JobSeekerRestController          : Searching for jobs
2024-03-05T23:16:21.791+05:30  INFO 12820 --- [http-nio-8080-exec-10] c.h.c.service.UserServiceImp             : Searching for jobs from database
2024-03-05T23:16:29.043+05:30  INFO 12820 --- [http-nio-8080-exec-1] c.h.c.r.JobSeekerRestController          : Fetching applied jobs for seeker: {}
2024-03-05T23:16:29.072+05:30  INFO 12820 --- [http-nio-8080-exec-1] c.h.c.service.UserServiceImp             : Fetching applied jobs for current job seeker
2024-03-05T23:16:32.195+05:30  INFO 12820 --- [http-nio-8080-exec-6] c.h.c.r.JobSeekerRestController          : Searching for jobs
2024-03-05T23:16:32.195+05:30  INFO 12820 --- [http-nio-8080-exec-6] c.h.c.service.UserServiceImp             : Searching for jobs from database
2024-03-05T23:16:38.203+05:30  INFO 12820 --- [http-nio-8080-exec-8] c.h.c.r.RegistrationAuthRestController   : Sending current user Info
2024-03-05T23:17:04.314+05:30  INFO 12820 --- [http-nio-8080-exec-6] c.h.c.r.JobSeekerRestController          : Searching for jobs
2024-03-05T23:17:04.317+05:30  INFO 12820 --- [http-nio-8080-exec-6] c.h.c.service.UserServiceImp             : Searching for jobs from database
2024-03-05T23:17:23.038+05:30  INFO 12820 --- [http-nio-8080-exec-7] c.h.c.r.JobSeekerRestController          : Searching for jobs
2024-03-05T23:17:23.039+05:30  INFO 12820 --- [http-nio-8080-exec-7] c.h.c.service.UserServiceImp             : Searching for jobs from database
2024-03-05T23:17:33.134+05:30  INFO 12820 --- [http-nio-8080-exec-1] c.h.c.r.JobSeekerRestController          : Searching for jobs
2024-03-05T23:17:33.139+05:30  INFO 12820 --- [http-nio-8080-exec-1] c.h.c.service.UserServiceImp             : Searching for jobs from database
2024-03-05T23:17:35.192+05:30  INFO 12820 --- [http-nio-8080-exec-2] c.h.c.r.JobSeekerRestController          : Searching for jobs
2024-03-05T23:17:35.192+05:30  INFO 12820 --- [http-nio-8080-exec-2] c.h.c.service.UserServiceImp             : Searching for jobs from database
2024-03-05T23:17:36.832+05:30  INFO 12820 --- [http-nio-8080-exec-4] c.h.c.r.JobSeekerRestController          : Searching for jobs
2024-03-05T23:17:36.832+05:30  INFO 12820 --- [http-nio-8080-exec-4] c.h.c.service.UserServiceImp             : Searching for jobs from database
2024-03-05T23:17:39.526+05:30  INFO 12820 --- [http-nio-8080-exec-8] c.h.c.r.RegistrationAuthRestController   : Sending current user Info
2024-03-05T23:17:41.412+05:30  INFO 12820 --- [http-nio-8080-exec-4] c.h.c.r.JobSeekerRestController          : Searching for jobs
2024-03-05T23:17:41.419+05:30  INFO 12820 --- [http-nio-8080-exec-4] c.h.c.service.UserServiceImp             : Searching for jobs from database
2024-03-05T23:17:44.171+05:30  INFO 12820 --- [http-nio-8080-exec-6] c.h.c.r.RegistrationAuthRestController   : Sending current user Info
2024-03-05T23:17:45.917+05:30  INFO 12820 --- [http-nio-8080-exec-10] c.h.c.r.JobSeekerRestController          : Getting Crafter resume for job seeker profile: {}
2024-03-05T23:17:45.917+05:30  INFO 12820 --- [http-nio-8080-exec-10] c.h.c.service.UserServiceImp             : Getting seeker profile
2024-03-05T23:17:45.948+05:30  INFO 12820 --- [http-nio-8080-exec-10] c.h.c.service.UserServiceImp             : Getting resume from seeker profile
2024-03-05T23:17:45.948+05:30  INFO 12820 --- [http-nio-8080-exec-10] c.h.c.service.UserServiceImp             : Returning Crafter resume
2024-03-05T23:18:02.339+05:30  INFO 12820 --- [http-nio-8080-exec-3] c.h.c.r.JobSeekerRestController          : Updating resume for job seeker: {}Resume [resumeId=3, address=, languages=[], skills=[Skills [skillId=6, skillName=java], Skills [skillId=7, skillName=python]], referenceLinks=[ReferenceLinks [linkId=1, link=localhost:8080//trial]], accomplishments=[Accomplishments [accomplishmentId=4, description=null]], experiences=[], education=[Education [educationId=4, collegeName=Technocrats Institute of technology, degree=B-Tech, specialization=CSE, startdate=2019-08-04, endDate=2023-06-07, percentage=85.0]], projects=[Project [projectId=1, title=File Arranger System, description=File Arranger, startDate=2024-01-04, endDate=2024-03-01, referenceLink=localhost:4200/test, hostedlink=localhost:4200/test]], certifications=[], resumeFile=null]
2024-03-05T23:18:02.371+05:30  INFO 12820 --- [http-nio-8080-exec-3] c.h.c.service.UserServiceImp             : Updating resume for job seeker in database: {}Resume [resumeId=3, address=, languages=[], skills=[Skills [skillId=6, skillName=java], Skills [skillId=7, skillName=python]], referenceLinks=[ReferenceLinks [linkId=1, link=localhost:8080//trial]], accomplishments=[Accomplishments [accomplishmentId=4, description=null]], experiences=[], education=[Education [educationId=4, collegeName=Technocrats Institute of technology, degree=B-Tech, specialization=CSE, startdate=2019-08-04, endDate=2023-06-07, percentage=85.0]], projects=[Project [projectId=1, title=File Arranger System, description=File Arranger, startDate=2024-01-04, endDate=2024-03-01, referenceLink=localhost:4200/test, hostedlink=localhost:4200/test]], certifications=[], resumeFile=null]
2024-03-05T23:18:02.418+05:30  INFO 12820 --- [http-nio-8080-exec-3] c.h.c.service.UserServiceImp             : Seeker's resume after updatingResume [resumeId=3, address=, languages=[], skills=[Skills [skillId=6, skillName=java], Skills [skillId=7, skillName=python]], referenceLinks=[ReferenceLinks [linkId=1, link=localhost:8080//trial]], accomplishments=[Accomplishments [accomplishmentId=4, description=null]], experiences=[], education=[Education [educationId=4, collegeName=Technocrats Institute of technology, degree=B-Tech, specialization=CSE, startdate=2019-08-04, endDate=2023-06-07, percentage=85.0]], projects=[Project [projectId=1, title=File Arranger System, description=File Arranger, startDate=2024-01-04, endDate=2024-03-01, referenceLink=localhost:4200/test, hostedlink=localhost:4200/test]], certifications=[], resumeFile=com.hexaware.careercrafterfinal.entities.ResumeDoc@2b706a1a]
2024-03-05T23:18:08.868+05:30  INFO 12820 --- [http-nio-8080-exec-7] c.h.c.r.RegistrationAuthRestController   : Sending current user Info
2024-03-05T23:18:10.417+05:30  INFO 12820 --- [http-nio-8080-exec-1] c.h.c.r.JobSeekerRestController          : Fetching applied jobs for seeker: {}
2024-03-05T23:18:10.431+05:30  INFO 12820 --- [http-nio-8080-exec-1] c.h.c.service.UserServiceImp             : Fetching applied jobs for current job seeker
2024-03-05T23:18:15.067+05:30  INFO 12820 --- [http-nio-8080-exec-3] c.h.c.r.JobSeekerRestController          : Getting job post
2024-03-05T23:18:15.067+05:30  INFO 12820 --- [http-nio-8080-exec-3] c.h.c.service.UserServiceImp             : Get listing from database
2024-03-05T23:18:48.250+05:30  INFO 12820 --- [http-nio-8080-exec-10] c.h.c.r.JobSeekerRestController          : Getting Crafter resume for job seeker profile: {}
2024-03-05T23:18:48.250+05:30  INFO 12820 --- [http-nio-8080-exec-10] c.h.c.service.UserServiceImp             : Getting seeker profile
2024-03-05T23:18:48.266+05:30  INFO 12820 --- [http-nio-8080-exec-10] c.h.c.service.UserServiceImp             : Getting resume from seeker profile
2024-03-05T23:18:48.282+05:30  INFO 12820 --- [http-nio-8080-exec-10] c.h.c.service.UserServiceImp             : Returning Crafter resume
2024-03-05T23:18:49.676+05:30  INFO 12820 --- [http-nio-8080-exec-4] c.h.c.r.RegistrationAuthRestController   : Sending current user Info
2024-03-05T23:18:52.131+05:30  INFO 12820 --- [http-nio-8080-exec-8] c.h.c.r.JobSeekerRestController          : Getting Crafter resume for job seeker profile: {}
2024-03-05T23:18:52.131+05:30  INFO 12820 --- [http-nio-8080-exec-8] c.h.c.service.UserServiceImp             : Getting seeker profile
2024-03-05T23:18:52.137+05:30  INFO 12820 --- [http-nio-8080-exec-8] c.h.c.service.UserServiceImp             : Getting resume from seeker profile
2024-03-05T23:18:52.137+05:30  INFO 12820 --- [http-nio-8080-exec-8] c.h.c.service.UserServiceImp             : Returning Crafter resume
